<?xml version="1.0" encoding="UTF-8"?>
<!-- Generated by org.testng.reporters.JUnitXMLReporter -->
<testsuite hostname="DESKTOP-A8JGI6V" ignored="0" name="Default test" tests="4" failures="0" timestamp="30 Jan 2020 04:22:56 GMT" time="0.023" errors="0">
  <testcase name="test1Login" time="0.003" classname="test.Day1"/>
  <testcase name="test2Login" time="0.0" classname="test.Day1"/>
  <testcase name="test3Login" time="0.001" classname="test.Day1"/>
  <testcase name="test4Login" time="0.001" classname="test.Day1"/>
</testsuite> <!-- Default test -->
