<?xml version="1.0" encoding="UTF-8"?>
<!-- Generated by org.testng.reporters.JUnitXMLReporter -->
<testsuite hostname="DESKTOP-A8JGI6V" ignored="2" name="Demo Group" tests="2" failures="0" timestamp="26 Oct 2019 09:20:52 GMT" time="0.02" errors="0">
  <testcase name="Mobiletest2Default" time="0.003" classname="test.Day4"/>
  <testcase name="Mobiletest3Default" time="0.0" classname="test.Day4"/>
  <testcase name="test1Default" time="0.0" classname="test.Day4">
    <ignored/>
  </testcase> <!-- test1Default -->
  <testcase name="test4Default" time="0.0" classname="test.Day4">
    <ignored/>
  </testcase> <!-- test4Default -->
</testsuite> <!-- Demo Group -->
