<?xml version="1.0" encoding="UTF-8"?>
<!-- Generated by org.testng.reporters.JUnitXMLReporter -->
<testsuite hostname="DESKTOP-A8JGI6V" ignored="0" name="Test" tests="16" failures="0" timestamp="26 Oct 2019 09:21:31 GMT" time="0.036" errors="0">
  <testcase name="Mobiletest2Default" time="0.003" classname="test.Day4"/>
  <testcase name="Mobiletest3Default" time="0.0" classname="test.Day4"/>
  <testcase name="test1Default" time="0.0" classname="test.Day4"/>
  <testcase name="test4Default" time="0.0" classname="test.Day4"/>
  <testcase name="test1Home" time="0.0" classname="test.Day2"/>
  <testcase name="test2Home" time="0.0" classname="test.Day2"/>
  <testcase name="test3Home" time="0.0" classname="test.Day2"/>
  <testcase name="test4Home" time="0.0" classname="test.Day2"/>
  <testcase name="test1Setup" time="0.0" classname="test.Day3"/>
  <testcase name="test2Setup" time="0.0" classname="test.Day3"/>
  <testcase name="test3Setup" time="0.0" classname="test.Day3"/>
  <testcase name="test4Setup" time="0.0" classname="test.Day3"/>
  <testcase name="test1Login" time="0.0" classname="test.Day1"/>
  <testcase name="test2Login" time="0.0" classname="test.Day1"/>
  <testcase name="test3Login" time="0.001" classname="test.Day1"/>
  <testcase name="test4Login" time="0.001" classname="test.Day1"/>
</testsuite> <!-- Test -->
