<?xml version="1.0" encoding="UTF-8"?>
<testng-results skipped="0" failed="0" ignored="0" total="4" passed="4">
  <reporter-output>
  </reporter-output>
  <suite name="Default suite" duration-ms="23" started-at="2020-01-30T04:22:55Z" finished-at="2020-01-30T04:22:55Z">
    <groups>
    </groups>
    <test name="Default test" duration-ms="23" started-at="2020-01-30T04:22:55Z" finished-at="2020-01-30T04:22:55Z">
      <class name="test.Day1">
        <test-method status="PASS" signature="setup()[pri:0, instance:test.Day1@5e5792a0]" name="setup" is-config="true" duration-ms="6" started-at="2020-01-30T04:22:55Z" finished-at="2020-01-30T04:22:55Z">
          <reporter-output>
          </reporter-output>
        </test-method> <!-- setup -->
        <test-method status="PASS" signature="test1Login()[pri:0, instance:test.Day1@5e5792a0]" name="test1Login" duration-ms="3" started-at="2020-01-30T04:22:55Z" finished-at="2020-01-30T04:22:55Z">
          <reporter-output>
          </reporter-output>
        </test-method> <!-- test1Login -->
        <test-method status="PASS" signature="test2Login()[pri:0, instance:test.Day1@5e5792a0]" name="test2Login" duration-ms="0" started-at="2020-01-30T04:22:55Z" finished-at="2020-01-30T04:22:55Z">
          <reporter-output>
          </reporter-output>
        </test-method> <!-- test2Login -->
        <test-method status="PASS" signature="test3Login()[pri:0, instance:test.Day1@5e5792a0]" name="test3Login" duration-ms="1" started-at="2020-01-30T04:22:55Z" finished-at="2020-01-30T04:22:55Z">
          <reporter-output>
          </reporter-output>
        </test-method> <!-- test3Login -->
        <test-method status="PASS" signature="test4Login()[pri:0, instance:test.Day1@5e5792a0]" name="test4Login" duration-ms="1" started-at="2020-01-30T04:22:55Z" finished-at="2020-01-30T04:22:55Z">
          <reporter-output>
          </reporter-output>
        </test-method> <!-- test4Login -->
      </class> <!-- test.Day1 -->
    </test> <!-- Default test -->
  </suite> <!-- Default suite -->
</testng-results>
